<?xml version="1.0" encoding="UTF-8"?>
<!-- Generated by org.testng.reporters.JUnitReportReporter -->
<testsuite skipped="0" hostname="DESKTOP-4D5E347" name="com.testcases.LoginPageTest" tests="1" failures="0" timestamp="2020-01-18T14:49:12 EST" time="11.970" errors="0">
  <testcase name="login" time="11.970" classname="com.testcases.LoginPageTest"/>
</testsuite> <!-- com.testcases.LoginPageTest -->
