<?xml version="1.0" encoding="UTF-8"?>
<!-- Generated by org.testng.reporters.JUnitReportReporter -->
<testsuite skipped="0" hostname="DESKTOP-4D5E347" name="com.practice.XLReading" tests="1" failures="0" timestamp="2020-01-21T22:12:46 EST" time="0.418" errors="0">
  <testcase name="read" time="0.418" classname="com.practice.XLReading"/>
</testsuite> <!-- com.practice.XLReading -->
