<?xml version="1.0" encoding="UTF-8"?>
<!-- Generated by org.testng.reporters.JUnitReportReporter -->
<testsuite skipped="0" hostname="DESKTOP-4D5E347" name="com.hrms.testcases.LoginPageTest" tests="1" failures="0" timestamp="2020-01-19T14:16:50 EST" time="10.300" errors="0">
  <testcase name="negativeLogin" time="10.300" classname="com.hrms.testcases.LoginPageTest"/>
</testsuite> <!-- com.hrms.testcases.LoginPageTest -->
