<?xml version="1.0" encoding="UTF-8"?>
<!-- Generated by org.testng.reporters.JUnitReportReporter -->
<testsuite skipped="0" hostname="DESKTOP-4D5E347" name="com.hrms.testcases.AddEmployee" tests="1" failures="0" timestamp="2020-01-19T14:03:54 EST" time="15.854" errors="0">
  <testcase name="addEmployee" time="15.854" classname="com.hrms.testcases.AddEmployee"/>
</testsuite> <!-- com.hrms.testcases.AddEmployee -->
