<?xml version="1.0" encoding="UTF-8"?>
<!-- Generated by org.testng.reporters.JUnitReportReporter -->
<testsuite skipped="0" hostname="DESKTOP-4D5E347" name="com.practice.Testing" tests="1" failures="0" timestamp="2020-01-18T13:56:20 EST" time="0.009" errors="0">
  <testcase name="testing" time="0.009" classname="com.practice.Testing"/>
</testsuite> <!-- com.practice.Testing -->
