<?xml version="1.0" encoding="UTF-8"?>
<!-- Generated by org.testng.reporters.JUnitReportReporter -->
<testsuite skipped="1" hostname="DESKTOP-4D5E347" name="com.hrms.testcases.AddEmployeePageTest" tests="1" failures="0" timestamp="2020-01-25T13:38:08 EST" time="0.000" errors="0">
  <testcase name="addMultipleEmpoyee" time="0.000" classname="com.hrms.testcases.AddEmployeePageTest">
    <skipped/>
  </testcase> <!-- addMultipleEmpoyee -->
</testsuite> <!-- com.hrms.testcases.AddEmployeePageTest -->
