<?xml version="1.0" encoding="UTF-8"?>
<!-- Generated by org.testng.reporters.JUnitReportReporter -->
<testsuite skipped="0" hostname="DESKTOP-4D5E347" name="com.hrms.testcases.LeaveListPageTest" tests="2" failures="0" timestamp="2020-01-19T14:17:37 EST" time="26.659" errors="0">
  <testcase name="leaveLabelValidation" time="13.603" classname="com.hrms.testcases.LeaveListPageTest"/>
  <testcase name="leaveLableValidation1" time="13.056" classname="com.hrms.testcases.LeaveListPageTest"/>
</testsuite> <!-- com.hrms.testcases.LeaveListPageTest -->
